# JRE version: Java(TM) SE Runtime Environment (24.0+36) (build 24+36-3646)
# Java VM: Java HotSpot(TM) 64-Bit Server VM (24+36-3646, mixed mode, sharing, tiered, compressed oops, compressed class ptrs, g1 gc, windows-amd64)
GC Precious Log:
 CardTable entry size: 512
 Card Set container configuration: InlinePtr #cards 4 size 8 Array Of Cards #cards 16 size 48 Howl #buckets 8 coarsen threshold 3686 Howl Bitmap #cards 512 size 80 coarsen threshold 460 Card regions per heap region 1 cards per card region 4096
 CPUs: 4 total, 4 available
 Memory: 12110M
 Large Page Support: Disabled
 NUMA Support: Disabled
 Compressed Oops: Enabled (Zero based)
 Heap Region Size: 2M
 Heap Min Capacity: 8M
 Heap Initial Capacity: 190M
 Heap Max Capacity: 3028M
 Pre-touch: Disabled
 Parallel Workers: 4
 Concurrent Workers: 1
 Concurrent Refinement Workers: 4
 Periodic GC: Disabled
Heap:
 garbage-first heap   total reserved 3100672K, committed 49152K, used 25794K [0x0000000742c00000, 0x0000000800000000)
  region size 2048K, 2 young (4096K), 1 survivors (2048K)
 Metaspace       used 23755K, committed 24064K, reserved 1114112K
  class space    used 2302K, committed 2432K, reserved 1048576K
GC Heap History (10 events):
Event: 4.236 GC heap before
{Heap before GC invocations=0 (full 0):
 garbage-first heap   total reserved 3100672K, committed 196608K, used 33908K [0x0000000742c00000, 0x0000000800000000)
  region size 2048K, 14 young (28672K), 0 survivors (0K)
 Metaspace       used 14292K, committed 14592K, reserved 1114112K
  class space    used 1354K, committed 1472K, reserved 1048576K
}
Event: 4.246 GC heap after
{Heap after GC invocations=1 (full 0):
 garbage-first heap   total reserved 3100672K, committed 196608K, used 9876K [0x0000000742c00000, 0x0000000800000000)
  region size 2048K, 2 young (4096K), 2 survivors (4096K)
 Metaspace       used 14292K, committed 14592K, reserved 1114112K
  class space    used 1354K, committed 1472K, reserved 1048576K
}
Event: 5.324 GC heap before
{Heap before GC invocations=1 (full 0):
 garbage-first heap   total reserved 3100672K, committed 196608K, used 20116K [0x0000000742c00000, 0x0000000800000000)
  region size 2048K, 8 young (16384K), 2 survivors (4096K)
 Metaspace       used 21235K, committed 21504K, reserved 1114112K
  class space    used 2120K, committed 2240K, reserved 1048576K
}
Event: 5.336 GC heap after
{Heap after GC invocations=2 (full 0):
 garbage-first heap   total reserved 3100672K, committed 196608K, used 11627K [0x0000000742c00000, 0x0000000800000000)
  region size 2048K, 3 young (6144K), 3 survivors (6144K)
 Metaspace       used 21235K, committed 21504K, reserved 1114112K
  class space    used 2120K, committed 2240K, reserved 1048576K
}
Event: 5.624 GC heap before
{Heap before GC invocations=3 (full 0):
 garbage-first heap   total reserved 3100672K, committed 49152K, used 40299K [0x0000000742c00000, 0x0000000800000000)
  region size 2048K, 14 young (28672K), 3 survivors (6144K)
 Metaspace       used 21599K, committed 21888K, reserved 1114112K
  class space    used 2151K, committed 2240K, reserved 1048576K
}
Event: 5.635 GC heap after
{Heap after GC invocations=4 (full 0):
 garbage-first heap   total reserved 3100672K, committed 49152K, used 18036K [0x0000000742c00000, 0x0000000800000000)
  region size 2048K, 1 young (2048K), 1 survivors (2048K)
 Metaspace       used 21599K, committed 21888K, reserved 1114112K
  class space    used 2151K, committed 2240K, reserved 1048576K
}
Event: 6.297 GC heap before
{Heap before GC invocations=4 (full 0):
 garbage-first heap   total reserved 3100672K, committed 49152K, used 34420K [0x0000000742c00000, 0x0000000800000000)
  region size 2048K, 9 young (18432K), 1 survivors (2048K)
 Metaspace       used 22347K, committed 22656K, reserved 1114112K
  class space    used 2202K, committed 2368K, reserved 1048576K
}
Event: 6.303 GC heap after
{Heap after GC invocations=5 (full 0):
 garbage-first heap   total reserved 3100672K, committed 49152K, used 18710K [0x0000000742c00000, 0x0000000800000000)
  region size 2048K, 2 young (4096K), 2 survivors (4096K)
 Metaspace       used 22347K, committed 22656K, reserved 1114112K
  class space    used 2202K, committed 2368K, reserved 1048576K
}
Event: 7.517 GC heap before
{Heap before GC invocations=5 (full 0):
 garbage-first heap   total reserved 3100672K, committed 49152K, used 33046K [0x0000000742c00000, 0x0000000800000000)
  region size 2048K, 10 young (20480K), 2 survivors (4096K)
 Metaspace       used 23390K, committed 23680K, reserved 1114112K
  class space    used 2280K, committed 2432K, reserved 1048576K
}
Event: 7.523 GC heap after
{Heap after GC invocations=6 (full 0):
 garbage-first heap   total reserved 3100672K, committed 49152K, used 19650K [0x0000000742c00000, 0x0000000800000000)
  region size 2048K, 1 young (2048K), 1 survivors (2048K)
 Metaspace       used 23390K, committed 23680K, reserved 1114112K
  class space    used 2280K, committed 2432K, reserved 1048576K
}

